<?xml version="1.0" encoding="UTF-8"?>
<!-- Generated by org.testng.reporters.JUnitXMLReporter -->
<testsuite ignored="0" hostname="DESKTOP-25TDOVQ" failures="0" tests="5" name="Default test" time="9.181" errors="0" timestamp="٢٠٢٤-٠٥-٢٨T٠٩:٥٦:٤٨ IDT">
  <testcase classname="firstRest.restTest" name="create_post_testcase" time="7.038"/>
  <testcase classname="firstRest.restTest" name="delete_post_testcase" time="0.676"/>
  <testcase classname="firstRest.restTest" name="update_post_testcase" time="0.729"/>
  <testcase classname="firstRest.restTest" name="validate_response_code_testcase" time="0.261"/>
  <testcase classname="firstRest.restTest" name="validate_response_data_testcase" time="0.394"/>
</testsuite> <!-- Default test -->
