<?xml version="1.0" encoding="UTF-8"?>
<testng-results ignored="0" total="5" passed="5" failed="0" skipped="0">
  <reporter-output>
  </reporter-output>
  <suite started-at="٢٠٢٤-٠٥-٢٨T٠٩:٥٦:٣٩ IDT" name="Default suite" finished-at="٢٠٢٤-٠٥-٢٨T٠٩:٥٦:٤٨ IDT" duration-ms="9181">
    <groups>
    </groups>
    <test started-at="٢٠٢٤-٠٥-٢٨T٠٩:٥٦:٣٩ IDT" name="Default test" finished-at="٢٠٢٤-٠٥-٢٨T٠٩:٥٦:٤٨ IDT" duration-ms="9181">
      <class name="firstRest.restTest">
        <test-method signature="create_post_testcase()[pri:0, instance:firstRest.restTest@28eaa59a]" started-at="٢٠٢٤-٠٥-٢٨T٠٩:٥٦:٣٩ IDT" name="create_post_testcase" finished-at="٢٠٢٤-٠٥-٢٨T٠٩:٥٦:٤٦ IDT" duration-ms="7038" status="PASS">
          <reporter-output>
          </reporter-output>
        </test-method> <!-- create_post_testcase -->
        <test-method signature="delete_post_testcase()[pri:0, instance:firstRest.restTest@28eaa59a]" started-at="٢٠٢٤-٠٥-٢٨T٠٩:٥٦:٤٦ IDT" name="delete_post_testcase" finished-at="٢٠٢٤-٠٥-٢٨T٠٩:٥٦:٤٧ IDT" duration-ms="676" status="PASS">
          <reporter-output>
          </reporter-output>
        </test-method> <!-- delete_post_testcase -->
        <test-method signature="update_post_testcase()[pri:0, instance:firstRest.restTest@28eaa59a]" started-at="٢٠٢٤-٠٥-٢٨T٠٩:٥٦:٤٧ IDT" name="update_post_testcase" finished-at="٢٠٢٤-٠٥-٢٨T٠٩:٥٦:٤٨ IDT" duration-ms="729" status="PASS">
          <reporter-output>
          </reporter-output>
        </test-method> <!-- update_post_testcase -->
        <test-method signature="validate_response_code_testcase()[pri:0, instance:firstRest.restTest@28eaa59a]" started-at="٢٠٢٤-٠٥-٢٨T٠٩:٥٦:٤٨ IDT" name="validate_response_code_testcase" finished-at="٢٠٢٤-٠٥-٢٨T٠٩:٥٦:٤٨ IDT" duration-ms="261" status="PASS">
          <reporter-output>
          </reporter-output>
        </test-method> <!-- validate_response_code_testcase -->
        <test-method signature="validate_response_data_testcase()[pri:0, instance:firstRest.restTest@28eaa59a]" started-at="٢٠٢٤-٠٥-٢٨T٠٩:٥٦:٤٨ IDT" name="validate_response_data_testcase" finished-at="٢٠٢٤-٠٥-٢٨T٠٩:٥٦:٤٨ IDT" duration-ms="394" status="PASS">
          <reporter-output>
          </reporter-output>
        </test-method> <!-- validate_response_data_testcase -->
      </class> <!-- firstRest.restTest -->
    </test> <!-- Default test -->
  </suite> <!-- Default suite -->
</testng-results>
